<?xml version="1.0" encoding="UTF-8"?>
<!-- Generated by org.testng.reporters.JUnitXMLReporter -->
<testsuite ignored="0" hostname="user-PC" failures="0" tests="6" name="Command line test" time="0.167" errors="0" timestamp="2020-07-23T23:56:33 IST">
  <testcase classname="qaclickacademy.Maven_javaIntro.AppiunTest" name="apptest" time="0.008"/>
  <testcase classname="qaclickacademy.Maven_javaIntro.AppiunTest" name="apptest1" time="0.001"/>
  <testcase classname="qaclickacademy.Maven_javaIntro.RestAPITest" name="Restest" time="0.0"/>
  <testcase classname="qaclickacademy.Maven_javaIntro.RestAPITest" name="resttest1" time="0.0"/>
  <testcase classname="qaclickacademy.Maven_javaIntro.SeleniumTest" name="seltest" time="0.001"/>
  <testcase classname="qaclickacademy.Maven_javaIntro.SeleniumTest" name="seltest1" time="0.001"/>
</testsuite> <!-- Command line test -->
