<?xml version="1.0" encoding="UTF-8"?>
<testsuite xmlns:xsi="http://www.w3.org/2001/XMLSchema-instance" xsi:noNamespaceSchemaLocation="https://maven.apache.org/surefire/maven-surefire-plugin/xsd/surefire-test-report-3.0.xsd" version="3.0" name="TestSuite" time="1.52" tests="6" errors="0" skipped="0" failures="0">
  <properties>
[...]
</properties>
  <testcase name="seltest" classname="qaclickacademy.Maven_javaIntro.SeleniumTest" time="0.044">
    <system-out><![CDATA[seltest
]]></system-out>
  </testcase>
  <testcase name="seltest1" classname="qaclickacademy.Maven_javaIntro.SeleniumTest" time="0.02">
    <system-out><![CDATA[seltest1
]]></system-out>
  </testcase>
  <testcase name="Restest" classname="qaclickacademy.Maven_javaIntro.RestAPITest" time="0.002">
    <system-out><![CDATA[resttest
]]></system-out>
  </testcase>
  <testcase name="resttest1" classname="qaclickacademy.Maven_javaIntro.RestAPITest" time="0.008">
    <system-out><![CDATA[resttest1
]]></system-out>
  </testcase>
  <testcase name="apptest" classname="qaclickacademy.Maven_javaIntro.AppiunTest" time="0.002">
    <system-out><![CDATA[apptest
]]></system-out>
  </testcase>
  <testcase name="apptest1" classname="qaclickacademy.Maven_javaIntro.AppiunTest" time="0.002">
    <system-out><![CDATA[apptest1
]]></system-out>
  </testcase>
</testsuite>